Feb 22, 2014 8:14:39 PM org.apache.solr.servlet.SolrDispatchFilter init
INFO: SolrDispatchFilter.init()
Feb 22, 2014 8:14:39 PM org.apache.solr.core.SolrResourceLoader locateSolrHome
INFO: JNDI not configured for solr (NoInitialContextEx)
Feb 22, 2014 8:14:39 PM org.apache.solr.core.SolrResourceLoader locateSolrHome
INFO: using system property solr.solr.home: /home/action/workspace/blog/solr
Feb 22, 2014 8:14:39 PM org.apache.solr.core.CoreContainer$Initializer initialize
INFO: looking for solr.xml: /home/action/workspace/blog/solr/solr.xml
Feb 22, 2014 8:14:39 PM org.apache.solr.core.CoreContainer <init>
INFO: New CoreContainer 2137579751
Feb 22, 2014 8:14:39 PM org.apache.solr.core.CoreContainer load
INFO: Loading CoreContainer using Solr Home: '/home/action/workspace/blog/solr/'
Feb 22, 2014 8:14:39 PM org.apache.solr.core.SolrResourceLoader <init>
INFO: new SolrResourceLoader for directory: '/home/action/workspace/blog/solr/'
Feb 22, 2014 8:14:40 PM org.apache.solr.handler.component.HttpShardHandlerFactory getParameter
INFO: Setting socketTimeout to: 0
Feb 22, 2014 8:14:40 PM org.apache.solr.handler.component.HttpShardHandlerFactory getParameter
INFO: Setting urlScheme to: http://
Feb 22, 2014 8:14:40 PM org.apache.solr.handler.component.HttpShardHandlerFactory getParameter
INFO: Setting connTimeout to: 0
Feb 22, 2014 8:14:40 PM org.apache.solr.handler.component.HttpShardHandlerFactory getParameter
INFO: Setting maxConnectionsPerHost to: 20
Feb 22, 2014 8:14:40 PM org.apache.solr.handler.component.HttpShardHandlerFactory getParameter
INFO: Setting corePoolSize to: 0
Feb 22, 2014 8:14:40 PM org.apache.solr.handler.component.HttpShardHandlerFactory getParameter
INFO: Setting maximumPoolSize to: 2147483647
Feb 22, 2014 8:14:40 PM org.apache.solr.handler.component.HttpShardHandlerFactory getParameter
INFO: Setting maxThreadIdleTime to: 5
Feb 22, 2014 8:14:40 PM org.apache.solr.handler.component.HttpShardHandlerFactory getParameter
INFO: Setting sizeOfQueue to: -1
Feb 22, 2014 8:14:40 PM org.apache.solr.handler.component.HttpShardHandlerFactory getParameter
INFO: Setting fairnessPolicy to: false
Feb 22, 2014 8:14:40 PM org.apache.solr.client.solrj.impl.HttpClientUtil createClient
INFO: Creating new http client, config:maxConnectionsPerHost=20&maxConnections=10000&socketTimeout=0&connTimeout=0&retry=false
Feb 22, 2014 8:14:41 PM org.apache.solr.core.CoreContainer load
INFO: Registering Log Listener
Feb 22, 2014 8:14:41 PM org.apache.solr.core.CoreContainer create
INFO: Creating SolrCore 'default' using instanceDir: /home/action/workspace/blog/solr/.
Feb 22, 2014 8:14:41 PM org.apache.solr.core.SolrResourceLoader <init>
INFO: new SolrResourceLoader for directory: '/home/action/workspace/blog/solr/./'
Feb 22, 2014 8:14:41 PM org.apache.solr.core.CoreContainer create
INFO: Creating SolrCore 'development' using instanceDir: /home/action/workspace/blog/solr/.
Feb 22, 2014 8:14:41 PM org.apache.solr.core.SolrResourceLoader <init>
INFO: new SolrResourceLoader for directory: '/home/action/workspace/blog/solr/./'
Feb 22, 2014 8:14:41 PM org.apache.solr.core.CoreContainer create
INFO: Creating SolrCore 'test' using instanceDir: /home/action/workspace/blog/solr/.
Feb 22, 2014 8:14:41 PM org.apache.solr.core.SolrResourceLoader <init>
INFO: new SolrResourceLoader for directory: '/home/action/workspace/blog/solr/./'
Feb 22, 2014 8:14:42 PM org.apache.solr.core.SolrConfig <init>
INFO: Using Lucene MatchVersion: LUCENE_41
Feb 22, 2014 8:14:42 PM org.apache.solr.core.SolrConfig <init>
INFO: Using Lucene MatchVersion: LUCENE_41
Feb 22, 2014 8:14:42 PM org.apache.solr.core.SolrConfig <init>
INFO: Using Lucene MatchVersion: LUCENE_41
Feb 22, 2014 8:14:43 PM org.apache.solr.core.SolrConfig <init>
INFO: Loaded SolrConfig: solrconfig.xml
Feb 22, 2014 8:14:43 PM org.apache.solr.core.SolrConfig <init>
INFO: Loaded SolrConfig: solrconfig.xml
Feb 22, 2014 8:14:43 PM org.apache.solr.core.SolrConfig <init>
INFO: Loaded SolrConfig: solrconfig.xml
Feb 22, 2014 8:14:43 PM org.apache.solr.schema.IndexSchema readSchema
INFO: Reading Solr Schema
Feb 22, 2014 8:14:43 PM org.apache.solr.schema.IndexSchema readSchema
INFO: Reading Solr Schema
Feb 22, 2014 8:14:43 PM org.apache.solr.schema.IndexSchema readSchema
INFO: Reading Solr Schema
Feb 22, 2014 8:14:44 PM org.apache.solr.schema.IndexSchema readSchema
INFO: Schema name=sunspot
Feb 22, 2014 8:14:44 PM org.apache.solr.schema.IndexSchema readSchema
INFO: Schema name=sunspot
Feb 22, 2014 8:14:44 PM org.apache.solr.schema.IndexSchema readSchema
INFO: Schema name=sunspot
Feb 22, 2014 8:14:51 PM org.apache.solr.schema.IndexSchema readSchema
INFO: default search field in schema is text
Feb 22, 2014 8:14:51 PM org.apache.solr.schema.IndexSchema readSchema
INFO: default search field in schema is text
Feb 22, 2014 8:14:51 PM org.apache.solr.schema.IndexSchema readSchema
INFO: default search field in schema is text
Feb 22, 2014 8:14:51 PM org.apache.solr.schema.IndexSchema readSchema
INFO: query parser default operator is AND
Feb 22, 2014 8:14:51 PM org.apache.solr.schema.IndexSchema readSchema
INFO: query parser default operator is AND
Feb 22, 2014 8:14:51 PM org.apache.solr.schema.IndexSchema readSchema
INFO: query parser default operator is AND
Feb 22, 2014 8:14:51 PM org.apache.solr.schema.IndexSchema readSchema
INFO: unique key field: id
Feb 22, 2014 8:14:51 PM org.apache.solr.schema.IndexSchema readSchema
INFO: unique key field: id
Feb 22, 2014 8:14:51 PM org.apache.solr.schema.IndexSchema readSchema
INFO: unique key field: id
Feb 22, 2014 8:14:52 PM org.apache.solr.core.SolrCore <init>
INFO: [development] Opening new SolrCore at /home/action/workspace/blog/solr/./, dataDir=/home/action/workspace/blog/solr/./development/data/
Feb 22, 2014 8:14:52 PM org.apache.solr.core.SolrCore <init>
INFO: [test] Opening new SolrCore at /home/action/workspace/blog/solr/./, dataDir=/home/action/workspace/blog/solr/./test/data/
Feb 22, 2014 8:14:52 PM org.apache.solr.core.SolrCore <init>
INFO: [default] Opening new SolrCore at /home/action/workspace/blog/solr/./, dataDir=/home/action/workspace/blog/solr/./default/data/
Feb 22, 2014 8:14:52 PM org.apache.solr.core.SolrCore <init>
INFO: JMX monitoring not detected for core: test
Feb 22, 2014 8:14:52 PM org.apache.solr.core.SolrCore <init>
INFO: JMX monitoring not detected for core: development
Feb 22, 2014 8:14:52 PM org.apache.solr.core.SolrCore <init>
INFO: JMX monitoring not detected for core: default
Feb 22, 2014 8:14:52 PM org.apache.solr.core.SolrCore initDirectoryFactory
INFO: solr.NRTCachingDirectoryFactory
Feb 22, 2014 8:14:52 PM org.apache.solr.core.SolrCore initDirectoryFactory
INFO: solr.NRTCachingDirectoryFactory
Feb 22, 2014 8:14:52 PM org.apache.solr.core.SolrCore initDirectoryFactory
INFO: solr.NRTCachingDirectoryFactory
Feb 22, 2014 8:14:52 PM org.apache.solr.core.CachingDirectoryFactory get
INFO: return new directory for /home/action/workspace/blog/solr/./development/data forceNew: false
Feb 22, 2014 8:14:52 PM org.apache.solr.core.CachingDirectoryFactory get
INFO: return new directory for /home/action/workspace/blog/solr/./default/data forceNew: false
Feb 22, 2014 8:14:52 PM org.apache.solr.core.CachingDirectoryFactory get
INFO: return new directory for /home/action/workspace/blog/solr/./test/data forceNew: false
Feb 22, 2014 8:14:52 PM org.apache.solr.core.SolrCore getNewIndexDir
INFO: New index directory detected: old=null new=/home/action/workspace/blog/solr/./default/data/index/
Feb 22, 2014 8:14:52 PM org.apache.solr.core.SolrCore getNewIndexDir
INFO: New index directory detected: old=null new=/home/action/workspace/blog/solr/./development/data/index/
Feb 22, 2014 8:14:52 PM org.apache.solr.core.SolrCore initIndex
WARNING: [default] Solr index directory '/home/action/workspace/blog/solr/./default/data/index' doesn't exist. Creating new index...
Feb 22, 2014 8:14:52 PM org.apache.solr.core.SolrCore getNewIndexDir
INFO: New index directory detected: old=null new=/home/action/workspace/blog/solr/./test/data/index/
Feb 22, 2014 8:14:52 PM org.apache.solr.core.SolrCore initIndex
WARNING: [development] Solr index directory '/home/action/workspace/blog/solr/./development/data/index' doesn't exist. Creating new index...
Feb 22, 2014 8:14:52 PM org.apache.solr.core.SolrCore initIndex
WARNING: [test] Solr index directory '/home/action/workspace/blog/solr/./test/data/index' doesn't exist. Creating new index...
Feb 22, 2014 8:14:52 PM org.apache.solr.core.CachingDirectoryFactory get
INFO: return new directory for /home/action/workspace/blog/solr/./test/data/index forceNew: false
Feb 22, 2014 8:14:52 PM org.apache.solr.core.CachingDirectoryFactory get
INFO: return new directory for /home/action/workspace/blog/solr/./default/data/index forceNew: false
Feb 22, 2014 8:14:52 PM org.apache.solr.core.CachingDirectoryFactory get
INFO: return new directory for /home/action/workspace/blog/solr/./development/data/index forceNew: false
Feb 22, 2014 8:14:53 PM org.apache.solr.core.SolrDeletionPolicy onCommit
INFO: SolrDeletionPolicy.onCommit: commits:num=1
	commit{dir=NRTCachingDirectory(org.apache.lucene.store.MMapDirectory@/home/action/workspace/blog/solr/test/data/index lockFactory=org.apache.lucene.store.NativeFSLockFactory@73b634b1; maxCacheMB=48.0 maxMergeSizeMB=4.0),segFN=segments_1,generation=1,filenames=[segments_1]
Feb 22, 2014 8:14:53 PM org.apache.solr.core.SolrDeletionPolicy onCommit
INFO: SolrDeletionPolicy.onCommit: commits:num=1
	commit{dir=NRTCachingDirectory(org.apache.lucene.store.MMapDirectory@/home/action/workspace/blog/solr/default/data/index lockFactory=org.apache.lucene.store.NativeFSLockFactory@3f3d8bd0; maxCacheMB=48.0 maxMergeSizeMB=4.0),segFN=segments_1,generation=1,filenames=[segments_1]
Feb 22, 2014 8:14:53 PM org.apache.solr.core.SolrDeletionPolicy onCommit
INFO: SolrDeletionPolicy.onCommit: commits:num=1
	commit{dir=NRTCachingDirectory(org.apache.lucene.store.MMapDirectory@/home/action/workspace/blog/solr/development/data/index lockFactory=org.apache.lucene.store.NativeFSLockFactory@61a6251f; maxCacheMB=48.0 maxMergeSizeMB=4.0),segFN=segments_1,generation=1,filenames=[segments_1]
Feb 22, 2014 8:14:53 PM org.apache.solr.core.SolrDeletionPolicy updateCommits
INFO: newest commit = 1[segments_1]
Feb 22, 2014 8:14:53 PM org.apache.solr.core.SolrDeletionPolicy updateCommits
INFO: newest commit = 1[segments_1]
Feb 22, 2014 8:14:53 PM org.apache.solr.core.SolrDeletionPolicy updateCommits
INFO: newest commit = 1[segments_1]
Feb 22, 2014 8:14:53 PM org.apache.solr.core.RequestHandlers initHandlersFromConfig
INFO: created /select: solr.SearchHandler
Feb 22, 2014 8:14:53 PM org.apache.solr.core.RequestHandlers initHandlersFromConfig
INFO: created /query: solr.SearchHandler
Feb 22, 2014 8:14:53 PM org.apache.solr.core.RequestHandlers initHandlersFromConfig
INFO: created /select: solr.SearchHandler
Feb 22, 2014 8:14:53 PM org.apache.solr.core.RequestHandlers initHandlersFromConfig
INFO: created /get: solr.RealTimeGetHandler
Feb 22, 2014 8:14:53 PM org.apache.solr.core.RequestHandlers initHandlersFromConfig
INFO: created /select: solr.SearchHandler
Feb 22, 2014 8:14:53 PM org.apache.solr.core.RequestHandlers initHandlersFromConfig
INFO: created /query: solr.SearchHandler
Feb 22, 2014 8:14:53 PM org.apache.solr.core.RequestHandlers initHandlersFromConfig
INFO: created /query: solr.SearchHandler
Feb 22, 2014 8:14:53 PM org.apache.solr.core.RequestHandlers initHandlersFromConfig
INFO: created /get: solr.RealTimeGetHandler
Feb 22, 2014 8:14:53 PM org.apache.solr.core.RequestHandlers initHandlersFromConfig
INFO: created /get: solr.RealTimeGetHandler
Feb 22, 2014 8:14:53 PM org.apache.solr.core.RequestHandlers initHandlersFromConfig
INFO: created /update: solr.UpdateRequestHandler
Feb 22, 2014 8:14:53 PM org.apache.solr.core.RequestHandlers initHandlersFromConfig
INFO: created /update: solr.UpdateRequestHandler
Feb 22, 2014 8:14:53 PM org.apache.solr.core.RequestHandlers initHandlersFromConfig
INFO: created /update: solr.UpdateRequestHandler
Feb 22, 2014 8:14:53 PM org.apache.solr.core.RequestHandlers initHandlersFromConfig
INFO: created /update/json: solr.JsonUpdateRequestHandler
Feb 22, 2014 8:14:53 PM org.apache.solr.core.RequestHandlers initHandlersFromConfig
INFO: created /update/json: solr.JsonUpdateRequestHandler
Feb 22, 2014 8:14:53 PM org.apache.solr.core.RequestHandlers initHandlersFromConfig
INFO: created /update/json: solr.JsonUpdateRequestHandler
Feb 22, 2014 8:14:53 PM org.apache.solr.core.RequestHandlers initHandlersFromConfig
INFO: created /update/csv: solr.CSVRequestHandler
Feb 22, 2014 8:14:53 PM org.apache.solr.core.RequestHandlers initHandlersFromConfig
INFO: adding lazy requestHandler: solr.extraction.ExtractingRequestHandler
Feb 22, 2014 8:14:53 PM org.apache.solr.core.RequestHandlers initHandlersFromConfig
INFO: created /update/csv: solr.CSVRequestHandler
Feb 22, 2014 8:14:53 PM org.apache.solr.core.RequestHandlers initHandlersFromConfig
INFO: created /update/csv: solr.CSVRequestHandler
Feb 22, 2014 8:14:54 PM org.apache.solr.core.RequestHandlers initHandlersFromConfig
INFO: created /update/extract: solr.extraction.ExtractingRequestHandler
Feb 22, 2014 8:14:53 PM org.apache.solr.core.RequestHandlers initHandlersFromConfig
INFO: adding lazy requestHandler: solr.extraction.ExtractingRequestHandler
Feb 22, 2014 8:14:54 PM org.apache.solr.core.RequestHandlers initHandlersFromConfig
INFO: adding lazy requestHandler: solr.FieldAnalysisRequestHandler
Feb 22, 2014 8:14:54 PM org.apache.solr.core.RequestHandlers initHandlersFromConfig
INFO: adding lazy requestHandler: solr.extraction.ExtractingRequestHandler
Feb 22, 2014 8:14:54 PM org.apache.solr.core.RequestHandlers initHandlersFromConfig
INFO: created /analysis/field: solr.FieldAnalysisRequestHandler
Feb 22, 2014 8:14:54 PM org.apache.solr.core.RequestHandlers initHandlersFromConfig
INFO: created /update/extract: solr.extraction.ExtractingRequestHandler
Feb 22, 2014 8:14:54 PM org.apache.solr.core.RequestHandlers initHandlersFromConfig
INFO: adding lazy requestHandler: solr.DocumentAnalysisRequestHandler
Feb 22, 2014 8:14:54 PM org.apache.solr.core.RequestHandlers initHandlersFromConfig
INFO: created /update/extract: solr.extraction.ExtractingRequestHandler
Feb 22, 2014 8:14:54 PM org.apache.solr.core.RequestHandlers initHandlersFromConfig
INFO: created /analysis/document: solr.DocumentAnalysisRequestHandler
Feb 22, 2014 8:14:54 PM org.apache.solr.core.RequestHandlers initHandlersFromConfig
INFO: adding lazy requestHandler: solr.FieldAnalysisRequestHandler
Feb 22, 2014 8:14:54 PM org.apache.solr.core.RequestHandlers initHandlersFromConfig
INFO: adding lazy requestHandler: solr.FieldAnalysisRequestHandler
Feb 22, 2014 8:14:54 PM org.apache.solr.core.RequestHandlers initHandlersFromConfig
INFO: created /analysis/field: solr.FieldAnalysisRequestHandler
Feb 22, 2014 8:14:54 PM org.apache.solr.core.RequestHandlers initHandlersFromConfig
INFO: created /analysis/field: solr.FieldAnalysisRequestHandler
Feb 22, 2014 8:14:54 PM org.apache.solr.core.RequestHandlers initHandlersFromConfig
INFO: created /admin/ping: solr.PingRequestHandler
Feb 22, 2014 8:14:54 PM org.apache.solr.core.RequestHandlers initHandlersFromConfig
INFO: adding lazy requestHandler: solr.DocumentAnalysisRequestHandler
Feb 22, 2014 8:14:54 PM org.apache.solr.core.RequestHandlers initHandlersFromConfig
INFO: adding lazy requestHandler: solr.DocumentAnalysisRequestHandler
Feb 22, 2014 8:14:54 PM org.apache.solr.core.RequestHandlers initHandlersFromConfig
INFO: created /analysis/document: solr.DocumentAnalysisRequestHandler
Feb 22, 2014 8:14:54 PM org.apache.solr.core.RequestHandlers initHandlersFromConfig
INFO: created /debug/dump: solr.DumpRequestHandler
Feb 22, 2014 8:14:54 PM org.apache.solr.core.RequestHandlers initHandlersFromConfig
INFO: created /analysis/document: solr.DocumentAnalysisRequestHandler
Feb 22, 2014 8:14:54 PM org.apache.solr.core.RequestHandlers initHandlersFromConfig
INFO: created /admin/ping: solr.PingRequestHandler
Feb 22, 2014 8:14:54 PM org.apache.solr.core.RequestHandlers initHandlersFromConfig
INFO: created /admin/ping: solr.PingRequestHandler
Feb 22, 2014 8:14:54 PM org.apache.solr.core.RequestHandlers initHandlersFromConfig
INFO: created /debug/dump: solr.DumpRequestHandler
Feb 22, 2014 8:14:54 PM org.apache.solr.core.RequestHandlers initHandlersFromConfig
INFO: created /debug/dump: solr.DumpRequestHandler
Feb 22, 2014 8:14:54 PM org.apache.solr.core.RequestHandlers initHandlersFromConfig
INFO: created /replication: solr.ReplicationHandler
Feb 22, 2014 8:14:54 PM org.apache.solr.core.RequestHandlers initHandlersFromConfig
INFO: created /replication: solr.ReplicationHandler
Feb 22, 2014 8:14:54 PM org.apache.solr.core.RequestHandlers initHandlersFromConfig
INFO: created /replication: solr.ReplicationHandler
Feb 22, 2014 8:14:54 PM org.apache.solr.core.RequestHandlers initHandlersFromConfig
INFO: created /mlt: solr.MoreLikeThisHandler
Feb 22, 2014 8:14:54 PM org.apache.solr.core.RequestHandlers initHandlersFromConfig
INFO: created /mlt: solr.MoreLikeThisHandler
Feb 22, 2014 8:14:54 PM org.apache.solr.core.RequestHandlers initHandlersFromConfig
INFO: created /mlt: solr.MoreLikeThisHandler
Feb 22, 2014 8:14:54 PM org.apache.solr.core.RequestHandlers initHandlersFromConfig
INFO: created /admin/: solr.admin.AdminHandlers
Feb 22, 2014 8:14:54 PM org.apache.solr.core.RequestHandlers initHandlersFromConfig
INFO: created /admin/: solr.admin.AdminHandlers
Feb 22, 2014 8:14:54 PM org.apache.solr.core.RequestHandlers initHandlersFromConfig
INFO: created /admin/: solr.admin.AdminHandlers
Feb 22, 2014 8:14:54 PM org.apache.solr.handler.loader.XMLLoader init
INFO: xsltCacheLifetimeSeconds=60
Feb 22, 2014 8:14:54 PM org.apache.solr.handler.loader.XMLLoader init
INFO: xsltCacheLifetimeSeconds=60
Feb 22, 2014 8:14:54 PM org.apache.solr.handler.loader.XMLLoader init
INFO: xsltCacheLifetimeSeconds=60
Feb 22, 2014 8:14:54 PM org.apache.solr.handler.loader.XMLLoader init
INFO: xsltCacheLifetimeSeconds=60
Feb 22, 2014 8:14:54 PM org.apache.solr.handler.loader.XMLLoader init
INFO: xsltCacheLifetimeSeconds=60
Feb 22, 2014 8:14:54 PM org.apache.solr.handler.loader.XMLLoader init
INFO: xsltCacheLifetimeSeconds=60
Feb 22, 2014 8:14:54 PM org.apache.solr.handler.loader.XMLLoader init
INFO: xsltCacheLifetimeSeconds=60
Feb 22, 2014 8:14:54 PM org.apache.solr.handler.loader.XMLLoader init
INFO: xsltCacheLifetimeSeconds=60
Feb 22, 2014 8:14:54 PM org.apache.solr.handler.loader.XMLLoader init
INFO: xsltCacheLifetimeSeconds=60
Feb 22, 2014 8:14:54 PM org.apache.solr.search.SolrIndexSearcher <init>
INFO: Opening Searcher@28905ba main
Feb 22, 2014 8:14:54 PM org.apache.solr.search.SolrIndexSearcher <init>
INFO: Opening Searcher@71d6f7a2 main
Feb 22, 2014 8:14:54 PM org.apache.solr.search.SolrIndexSearcher <init>
INFO: Opening Searcher@3595df92 main
Feb 22, 2014 8:14:54 PM org.apache.solr.update.CommitTracker <init>
INFO: Hard AutoCommit: if uncommited for 15000ms; 
Feb 22, 2014 8:14:54 PM org.apache.solr.update.CommitTracker <init>
INFO: Hard AutoCommit: if uncommited for 15000ms; 
Feb 22, 2014 8:14:54 PM org.apache.solr.update.CommitTracker <init>
INFO: Hard AutoCommit: if uncommited for 15000ms; 
Feb 22, 2014 8:14:54 PM org.apache.solr.update.CommitTracker <init>
INFO: Soft AutoCommit: if uncommited for 5000ms; 
Feb 22, 2014 8:14:54 PM org.apache.solr.update.CommitTracker <init>
INFO: Soft AutoCommit: if uncommited for 5000ms; 
Feb 22, 2014 8:14:54 PM org.apache.solr.handler.component.SpellCheckComponent inform
INFO: Initializing spell checkers
Feb 22, 2014 8:14:54 PM org.apache.solr.update.CommitTracker <init>
INFO: Soft AutoCommit: if uncommited for 5000ms; 
Feb 22, 2014 8:14:54 PM org.apache.solr.handler.component.SpellCheckComponent inform
INFO: Initializing spell checkers
Feb 22, 2014 8:14:54 PM org.apache.solr.handler.component.SpellCheckComponent inform
INFO: Initializing spell checkers
Feb 22, 2014 8:14:54 PM org.apache.solr.spelling.DirectSolrSpellChecker init
INFO: init: {name=default,field=name,classname=solr.DirectSolrSpellChecker,distanceMeasure=internal,accuracy=0.5,maxEdits=2,minPrefix=1,maxInspections=5,minQueryLength=4,maxQueryFrequency=0.01}
Feb 22, 2014 8:14:54 PM org.apache.solr.spelling.DirectSolrSpellChecker init
INFO: init: {name=default,field=name,classname=solr.DirectSolrSpellChecker,distanceMeasure=internal,accuracy=0.5,maxEdits=2,minPrefix=1,maxInspections=5,minQueryLength=4,maxQueryFrequency=0.01}
Feb 22, 2014 8:14:54 PM org.apache.solr.spelling.DirectSolrSpellChecker init
INFO: init: {name=default,field=name,classname=solr.DirectSolrSpellChecker,distanceMeasure=internal,accuracy=0.5,maxEdits=2,minPrefix=1,maxInspections=5,minQueryLength=4,maxQueryFrequency=0.01}
Feb 22, 2014 8:14:54 PM org.apache.solr.handler.component.SpellCheckComponent inform
INFO: No queryConverter defined, using default converter
Feb 22, 2014 8:14:54 PM org.apache.solr.handler.component.SpellCheckComponent inform
INFO: No queryConverter defined, using default converter
Feb 22, 2014 8:14:54 PM org.apache.solr.handler.component.SpellCheckComponent inform
INFO: No queryConverter defined, using default converter
Feb 22, 2014 8:14:54 PM org.apache.solr.handler.ReplicationHandler inform
INFO: Commits will be reserved for  10000
Feb 22, 2014 8:14:54 PM org.apache.solr.handler.ReplicationHandler inform
INFO: Commits will be reserved for  10000
Feb 22, 2014 8:14:54 PM org.apache.solr.handler.ReplicationHandler inform
INFO: Commits will be reserved for  10000
Feb 22, 2014 8:14:55 PM org.apache.solr.core.CoreContainer registerCore
INFO: registering core: default
Feb 22, 2014 8:14:55 PM org.apache.solr.core.SolrCore registerSearcher
INFO: [test] Registered new searcher Searcher@28905ba main{StandardDirectoryReader(segments_1:1)}
Feb 22, 2014 8:14:55 PM org.apache.solr.core.SolrCore registerSearcher
INFO: [default] Registered new searcher Searcher@3595df92 main{StandardDirectoryReader(segments_1:1)}
Feb 22, 2014 8:14:55 PM org.apache.solr.core.SolrCore registerSearcher
INFO: [development] Registered new searcher Searcher@71d6f7a2 main{StandardDirectoryReader(segments_1:1)}
Feb 22, 2014 8:14:55 PM org.apache.solr.core.CoreContainer registerCore
INFO: registering core: development
Feb 22, 2014 8:14:55 PM org.apache.solr.core.CoreContainer registerCore
INFO: registering core: test
Feb 22, 2014 8:14:55 PM org.apache.solr.servlet.SolrDispatchFilter init
INFO: user.dir=/home/action/.rvm/gems/ruby-2.0.0-p247/gems/sunspot_solr-2.1.0/solr
Feb 22, 2014 8:14:55 PM org.apache.solr.servlet.SolrDispatchFilter init
INFO: SolrDispatchFilter.init() done
Feb 22, 2014 8:15:00 PM org.apache.solr.core.SolrDeletionPolicy onInit
INFO: SolrDeletionPolicy.onInit: commits:num=1
	commit{dir=NRTCachingDirectory(org.apache.lucene.store.MMapDirectory@/home/action/workspace/blog/solr/development/data/index lockFactory=org.apache.lucene.store.NativeFSLockFactory@61a6251f; maxCacheMB=48.0 maxMergeSizeMB=4.0),segFN=segments_1,generation=1,filenames=[segments_1]
Feb 22, 2014 8:15:00 PM org.apache.solr.core.SolrDeletionPolicy updateCommits
INFO: newest commit = 1[segments_1]
Feb 22, 2014 8:15:00 PM org.apache.solr.search.SolrIndexSearcher <init>
INFO: Opening Searcher@4caba4fd realtime
Feb 22, 2014 8:15:00 PM org.apache.solr.update.processor.LogUpdateProcessor finish
INFO: [development] webapp=/solr path=/update params={wt=ruby} {deleteByQuery=type:Post (-1460771331033268224)} 0 251
Feb 22, 2014 8:15:02 PM org.apache.solr.update.processor.LogUpdateProcessor finish
INFO: [development] webapp=/solr path=/update params={wt=ruby} {add=[Post 1 (1460771332524343296), Post 2 (1460771332614520832), Post 3 (1460771332616617984), Post 4 (1460771332620812288)]} 0 117
Feb 22, 2014 8:15:02 PM org.apache.solr.update.DirectUpdateHandler2 commit
INFO: start commit{,optimize=false,openSearcher=true,waitSearcher=true,expungeDeletes=false,softCommit=false,prepareCommit=false}
Feb 22, 2014 8:15:02 PM org.apache.solr.core.SolrDeletionPolicy onCommit
INFO: SolrDeletionPolicy.onCommit: commits:num=2
	commit{dir=NRTCachingDirectory(org.apache.lucene.store.MMapDirectory@/home/action/workspace/blog/solr/development/data/index lockFactory=org.apache.lucene.store.NativeFSLockFactory@61a6251f; maxCacheMB=48.0 maxMergeSizeMB=4.0),segFN=segments_1,generation=1,filenames=[segments_1]
	commit{dir=NRTCachingDirectory(org.apache.lucene.store.MMapDirectory@/home/action/workspace/blog/solr/development/data/index lockFactory=org.apache.lucene.store.NativeFSLockFactory@61a6251f; maxCacheMB=48.0 maxMergeSizeMB=4.0),segFN=segments_2,generation=2,filenames=[_0.fnm, _0_Lucene41_0.doc, _0_Lucene41_0.pos, _0.nvd, segments_2, _0.fdx, _0.si, _0.nvm, _0_Lucene41_0.tim, _0.fdt, _0_Lucene41_0.tip]
Feb 22, 2014 8:15:02 PM org.apache.solr.core.SolrDeletionPolicy updateCommits
INFO: newest commit = 2[_0.fnm, _0_Lucene41_0.doc, _0_Lucene41_0.pos, _0.nvd, segments_2, _0.fdx, _0.si, _0.nvm, _0_Lucene41_0.tim, _0.fdt, _0_Lucene41_0.tip]
Feb 22, 2014 8:15:02 PM org.apache.solr.search.SolrIndexSearcher <init>
INFO: Opening Searcher@20f34cdb main
Feb 22, 2014 8:15:02 PM org.apache.solr.update.DirectUpdateHandler2 commit
INFO: end_commit_flush
Feb 22, 2014 8:15:02 PM org.apache.solr.core.SolrCore registerSearcher
INFO: [development] Registered new searcher Searcher@20f34cdb main{StandardDirectoryReader(segments_2:3:nrt _0(4.2):C4)}
Feb 22, 2014 8:15:02 PM org.apache.solr.update.processor.LogUpdateProcessor finish
INFO: [development] webapp=/solr path=/update params={wt=ruby} {commit=} 0 384
Feb 22, 2014 8:46:08 PM org.apache.solr.core.SolrCore execute
INFO: [development] webapp=/solr path=/select params={start=0&q=*:*&wt=ruby&fq=type:Post&rows=30} hits=4 status=0 QTime=264 
Feb 22, 2014 8:46:26 PM org.apache.solr.core.SolrCore execute
INFO: [development] webapp=/solr path=/select params={fl=*+score&start=0&q=slug&qf=title_text+text_text&wt=ruby&fq=type:Post&rows=30&defType=edismax} hits=2 status=0 QTime=84 
Feb 22, 2014 8:46:37 PM org.apache.solr.core.SolrCore execute
INFO: [development] webapp=/solr path=/select params={fl=*+score&start=0&q=fuck&qf=title_text+text_text&wt=ruby&fq=type:Post&rows=30&defType=edismax} hits=0 status=0 QTime=2 
Feb 22, 2014 8:46:51 PM org.apache.solr.core.SolrCore execute
INFO: [development] webapp=/solr path=/select params={fl=*+score&start=0&q=july&qf=title_text+text_text&wt=ruby&fq=type:Post&rows=30&defType=edismax} hits=0 status=0 QTime=2 
Feb 22, 2014 8:46:58 PM org.apache.solr.core.SolrCore execute
INFO: [development] webapp=/solr path=/select params={fl=*+score&start=0&q=attempt&qf=title_text+text_text&wt=ruby&fq=type:Post&rows=30&defType=edismax} hits=0 status=0 QTime=2 
Feb 22, 2014 8:47:04 PM org.apache.solr.core.SolrCore execute
INFO: [development] webapp=/solr path=/select params={fl=*+score&start=0&q=post&qf=title_text+text_text&wt=ruby&fq=type:Post&rows=30&defType=edismax} hits=2 status=0 QTime=3 
Feb 22, 2014 8:47:12 PM org.apache.solr.core.SolrCore execute
INFO: [development] webapp=/solr path=/select params={fl=*+score&start=0&q=undefined+method&qf=title_text+text_text&wt=ruby&fq=type:Post&rows=30&defType=edismax} hits=1 status=0 QTime=32 
Feb 22, 2014 8:48:25 PM org.apache.solr.core.SolrCore execute
INFO: [development] webapp=/solr path=/select params={start=0&q=*:*&wt=ruby&fq=type:Post&rows=30} hits=4 status=0 QTime=0 
Feb 22, 2014 8:48:38 PM org.apache.solr.core.SolrCore execute
INFO: [development] webapp=/solr path=/select params={start=0&q=*:*&wt=ruby&fq=type:Post&rows=30} hits=4 status=0 QTime=1 
Feb 22, 2014 8:48:47 PM org.apache.solr.core.SolrCore execute
INFO: [development] webapp=/solr path=/select params={start=0&q=*:*&wt=ruby&fq=type:Post&rows=30} hits=4 status=0 QTime=11 
Feb 22, 2014 8:52:54 PM org.apache.solr.core.SolrCore execute
INFO: [development] webapp=/solr path=/select params={start=0&q=*:*&wt=ruby&fq=type:Post&rows=30} hits=4 status=0 QTime=1 
Feb 22, 2014 8:52:59 PM org.apache.solr.core.SolrCore execute
INFO: [development] webapp=/solr path=/select params={start=0&q=*:*&wt=ruby&fq=type:Post&rows=30} hits=4 status=0 QTime=0 
Feb 22, 2014 8:53:01 PM org.apache.solr.core.SolrCore execute
INFO: [development] webapp=/solr path=/select params={start=0&q=*:*&wt=ruby&fq=type:Post&rows=30} hits=4 status=0 QTime=0 
Feb 22, 2014 8:53:02 PM org.apache.solr.core.SolrCore execute
INFO: [development] webapp=/solr path=/select params={start=0&q=*:*&wt=ruby&fq=type:Post&rows=30} hits=4 status=0 QTime=11 
Feb 22, 2014 8:53:10 PM org.apache.solr.core.SolrCore execute
INFO: [development] webapp=/solr path=/select params={fl=*+score&start=0&q=post&qf=title_text+text_text&wt=ruby&fq=type:Post&rows=30&defType=edismax} hits=2 status=0 QTime=2 
Feb 22, 2014 8:53:14 PM org.apache.solr.core.SolrCore execute
INFO: [development] webapp=/solr path=/select params={fl=*+score&start=0&q=post&qf=title_text+text_text&wt=ruby&fq=type:Post&rows=30&defType=edismax} hits=2 status=0 QTime=1 
Feb 22, 2014 8:53:22 PM org.apache.solr.core.SolrCore execute
INFO: [development] webapp=/solr path=/select params={start=0&q=*:*&wt=ruby&fq=type:Post&rows=30} hits=4 status=0 QTime=0 
Feb 22, 2014 8:53:45 PM org.apache.solr.core.SolrCore execute
INFO: [development] webapp=/solr path=/select params={start=0&q=*:*&wt=ruby&fq=type:Post&rows=30} hits=4 status=0 QTime=0 
Feb 22, 2014 8:53:54 PM org.apache.solr.core.SolrCore execute
INFO: [development] webapp=/solr path=/select params={start=0&q=*:*&wt=ruby&fq=type:Post&rows=30} hits=4 status=0 QTime=21 
Feb 22, 2014 8:53:57 PM org.apache.solr.core.SolrCore execute
INFO: [development] webapp=/solr path=/select params={start=0&q=*:*&wt=ruby&fq=type:Post&rows=30} hits=4 status=0 QTime=1 
Feb 22, 2014 8:53:59 PM org.apache.solr.core.SolrCore execute
INFO: [development] webapp=/solr path=/select params={start=0&q=*:*&wt=ruby&fq=type:Post&rows=30} hits=4 status=0 QTime=7 
Feb 22, 2014 8:54:13 PM org.apache.solr.core.SolrCore execute
INFO: [development] webapp=/solr path=/select params={fl=*+score&start=0&q=second&qf=title_text+text_text&wt=ruby&fq=type:Post&rows=30&defType=edismax} hits=1 status=0 QTime=10 
Feb 22, 2014 8:54:17 PM org.apache.solr.core.SolrCore execute
INFO: [development] webapp=/solr path=/select params={start=0&q=*:*&wt=ruby&fq=type:Post&rows=30} hits=4 status=0 QTime=0 
Feb 22, 2014 8:55:04 PM org.apache.solr.core.SolrCore execute
INFO: [development] webapp=/solr path=/select params={start=0&q=*:*&wt=ruby&fq=type:Post&rows=30} hits=4 status=0 QTime=1 
Feb 22, 2014 8:55:13 PM org.apache.solr.core.SolrCore execute
INFO: [development] webapp=/solr path=/select params={fl=*+score&start=0&q=second&qf=title_text+text_text&wt=ruby&fq=type:Post&rows=30&defType=edismax} hits=1 status=0 QTime=2 
Feb 22, 2014 8:55:49 PM org.apache.solr.core.SolrCore execute
INFO: [development] webapp=/solr path=/select params={fl=*+score&start=0&q=second&qf=title_text+text_text&wt=ruby&fq=type:Post&rows=30&defType=edismax} hits=1 status=0 QTime=1 
Feb 22, 2014 8:56:02 PM org.apache.solr.core.SolrCore execute
INFO: [development] webapp=/solr path=/select params={start=0&q=*:*&wt=ruby&fq=type:Post&rows=30} hits=4 status=0 QTime=11 
